The request analysis.setContextRoots failed with the following error:
RequestErrorCode.PLUGIN_ERROR
Failed to read pubspec.yaml at E:\Projects\Google\Flutter\packages\clean_architecture_workspace\example:
Instance of '_WrappedYamlException'
#0      checkedYamlDecode (package:checked_yaml/checked_yaml.dart:32)
#1      new Pubspec.parse (package:pubspec_parse/src/pubspec.dart:185)
#2      parsePubspec (package:custom_lint_core/src/package_utils.dart:89)
<asynchronous suspension>
#3      CustomLintProject.parse (package:custom_lint/src/workspace.dart:920)
<asynchronous suspension>
#4      Future.wait.<anonymous closure> (dart:async/future.dart:546)
<asynchronous suspension>
#5      CustomLintWorkspace.fromContextRoots (package:custom_lint/src/workspace.dart:515)
<asynchronous suspension>
#6      SocketCustomLintServerToClientChannel.create (package:custom_lint/src/v2/server_to_client_channel.dart:54)
<asynchronous suspension>
#7      CustomLintServer._maybeSpawnCustomLintPlugin (package:custom_lint/src/v2/custom_lint_analyzer_plugin.dart:362)
<asynchronous suspension>
#8      CustomLintServer._handleAnalysisSetContextRoots.<anonymous closure> (package:custom_lint/src/v2/custom_lint_analyzer_plugin.dart:343)
<asynchronous suspension>
#9      PendingOperation.run (package:custom_lint/src/async_operation.dart:22)
<asynchronous suspension>
#10     CustomLintServer._handleRequest (package:custom_lint/src/v2/custom_lint_analyzer_plugin.dart:175)
<asynchronous suspension>

at:
#0      CustomLintProject.parse.<anonymous closure> (package:custom_lint/src/workspace.dart:923)
#1      _rootRunBinary (dart:async/zone.dart:1560)
#2      _CustomZone.runBinary (dart:async/zone.dart:1436)
#3      _FutureListener.handleError (dart:async/future_impl.dart:237)
#4      Future._propagateToListeners.handleError (dart:async/future_impl.dart:960)
#5      Future._propagateToListeners (dart:async/future_impl.dart:981)
#6      Future._completeErrorObject (dart:async/future_impl.dart:738)
#7      Future._completeError (dart:async/future_impl.dart:742)
<asynchronous suspension>

The request analysis.setSubscriptions failed with the following error:
RequestErrorCode.PLUGIN_ERROR
Failed to read pubspec.yaml at E:\Projects\Google\Flutter\packages\clean_architecture_workspace\example:
Instance of '_WrappedYamlException'
#0      checkedYamlDecode (package:checked_yaml/checked_yaml.dart:32)
#1      new Pubspec.parse (package:pubspec_parse/src/pubspec.dart:185)
#2      parsePubspec (package:custom_lint_core/src/package_utils.dart:89)
<asynchronous suspension>
#3      CustomLintProject.parse (package:custom_lint/src/workspace.dart:920)
<asynchronous suspension>
#4      Future.wait.<anonymous closure> (dart:async/future.dart:546)
<asynchronous suspension>
#5      CustomLintWorkspace.fromContextRoots (package:custom_lint/src/workspace.dart:515)
<asynchronous suspension>
#6      SocketCustomLintServerToClientChannel.create (package:custom_lint/src/v2/server_to_client_channel.dart:54)
<asynchronous suspension>
#7      CustomLintServer._maybeSpawnCustomLintPlugin (package:custom_lint/src/v2/custom_lint_analyzer_plugin.dart:362)
<asynchronous suspension>
#8      CustomLintServer._handleAnalysisSetContextRoots.<anonymous closure> (package:custom_lint/src/v2/custom_lint_analyzer_plugin.dart:343)
<asynchronous suspension>
#9      PendingOperation.run (package:custom_lint/src/async_operation.dart:22)
<asynchronous suspension>
#10     CustomLintServer._handleRequest (package:custom_lint/src/v2/custom_lint_analyzer_plugin.dart:175)
<asynchronous suspension>

at:
#0      CustomLintProject.parse.<anonymous closure> (package:custom_lint/src/workspace.dart:923)
#1      _rootRunBinary (dart:async/zone.dart:1560)
#2      _CustomZone.runBinary (dart:async/zone.dart:1436)
#3      _FutureListener.handleError (dart:async/future_impl.dart:237)
#4      Future._propagateToListeners.handleError (dart:async/future_impl.dart:960)
#5      Future._propagateToListeners (dart:async/future_impl.dart:981)
#6      Future._completeErrorObject (dart:async/future_impl.dart:738)
#7      Future._completeError (dart:async/future_impl.dart:742)
<asynchronous suspension>

The request analysis.setPriorityFiles failed with the following error:
RequestErrorCode.PLUGIN_ERROR
Failed to read pubspec.yaml at E:\Projects\Google\Flutter\packages\clean_architecture_workspace\example:
Instance of '_WrappedYamlException'
#0      checkedYamlDecode (package:checked_yaml/checked_yaml.dart:32)
#1      new Pubspec.parse (package:pubspec_parse/src/pubspec.dart:185)
#2      parsePubspec (package:custom_lint_core/src/package_utils.dart:89)
<asynchronous suspension>
#3      CustomLintProject.parse (package:custom_lint/src/workspace.dart:920)
<asynchronous suspension>
#4      Future.wait.<anonymous closure> (dart:async/future.dart:546)
<asynchronous suspension>
#5      CustomLintWorkspace.fromContextRoots (package:custom_lint/src/workspace.dart:515)
<asynchronous suspension>
#6      SocketCustomLintServerToClientChannel.create (package:custom_lint/src/v2/server_to_client_channel.dart:54)
<asynchronous suspension>
#7      CustomLintServer._maybeSpawnCustomLintPlugin (package:custom_lint/src/v2/custom_lint_analyzer_plugin.dart:362)
<asynchronous suspension>
#8      CustomLintServer._handleAnalysisSetContextRoots.<anonymous closure> (package:custom_lint/src/v2/custom_lint_analyzer_plugin.dart:343)
<asynchronous suspension>
#9      PendingOperation.run (package:custom_lint/src/async_operation.dart:22)
<asynchronous suspension>
#10     CustomLintServer._handleRequest (package:custom_lint/src/v2/custom_lint_analyzer_plugin.dart:175)
<asynchronous suspension>

at:
#0      CustomLintProject.parse.<anonymous closure> (package:custom_lint/src/workspace.dart:923)
#1      _rootRunBinary (dart:async/zone.dart:1560)
#2      _CustomZone.runBinary (dart:async/zone.dart:1436)
#3      _FutureListener.handleError (dart:async/future_impl.dart:237)
#4      Future._propagateToListeners.handleError (dart:async/future_impl.dart:960)
#5      Future._propagateToListeners (dart:async/future_impl.dart:981)
#6      Future._completeErrorObject (dart:async/future_impl.dart:738)
#7      Future._completeError (dart:async/future_impl.dart:742)
<asynchronous suspension>

The request analysis.updateContent failed with the following error:
RequestErrorCode.PLUGIN_ERROR
Failed to read pubspec.yaml at E:\Projects\Google\Flutter\packages\clean_architecture_workspace\example:
Instance of '_WrappedYamlException'
#0      checkedYamlDecode (package:checked_yaml/checked_yaml.dart:32)
#1      new Pubspec.parse (package:pubspec_parse/src/pubspec.dart:185)
#2      parsePubspec (package:custom_lint_core/src/package_utils.dart:89)
<asynchronous suspension>
#3      CustomLintProject.parse (package:custom_lint/src/workspace.dart:920)
<asynchronous suspension>
#4      Future.wait.<anonymous closure> (dart:async/future.dart:546)
<asynchronous suspension>
#5      CustomLintWorkspace.fromContextRoots (package:custom_lint/src/workspace.dart:515)
<asynchronous suspension>
#6      SocketCustomLintServerToClientChannel.create (package:custom_lint/src/v2/server_to_client_channel.dart:54)
<asynchronous suspension>
#7      CustomLintServer._maybeSpawnCustomLintPlugin (package:custom_lint/src/v2/custom_lint_analyzer_plugin.dart:362)
<asynchronous suspension>
#8      CustomLintServer._handleAnalysisSetContextRoots.<anonymous closure> (package:custom_lint/src/v2/custom_lint_analyzer_plugin.dart:343)
<asynchronous suspension>
#9      PendingOperation.run (package:custom_lint/src/async_operation.dart:22)
<asynchronous suspension>
#10     CustomLintServer._handleRequest (package:custom_lint/src/v2/custom_lint_analyzer_plugin.dart:175)
<asynchronous suspension>

at:
#0      CustomLintProject.parse.<anonymous closure> (package:custom_lint/src/workspace.dart:923)
#1      _rootRunBinary (dart:async/zone.dart:1560)
#2      _CustomZone.runBinary (dart:async/zone.dart:1436)
#3      _FutureListener.handleError (dart:async/future_impl.dart:237)
#4      Future._propagateToListeners.handleError (dart:async/future_impl.dart:960)
#5      Future._propagateToListeners (dart:async/future_impl.dart:981)
#6      Future._completeErrorObject (dart:async/future_impl.dart:738)
#7      Future._completeError (dart:async/future_impl.dart:742)
<asynchronous suspension>

